deadline_alpha:0.0
application_average_interval:150
success_number:[0.0, 1.0]
total_cost:[0.0, 2513974.81021192]
normalized_cost:[0.0, 13.02172689493221]
deadline_alpha:0.05
application_average_interval:150
success_number:[0.0, 1.0]
total_cost:[0.0, 2513974.81021192]
normalized_cost:[0.0, 13.02172689493221]
deadline_alpha:0.1
application_average_interval:150
success_number:[0.09266666666666667, 1.0]
total_cost:[230379.2201909454, 2513974.81021192]
normalized_cost:[11.930488927955107, 13.02172689493221]
deadline_alpha:0.15000000000000002
application_average_interval:150
success_number:[0.56, 1.0]
total_cost:[1430934.4960925176, 2513974.81021192]
normalized_cost:[12.337244730969006, 13.02172689493221]
deadline_alpha:0.2
application_average_interval:150
success_number:[0.6973333333333334, 1.0]
total_cost:[1783253.7347149327, 2513974.81021192]
normalized_cost:[12.651563693993106, 13.02172689493221]
deadline_alpha:0.25
application_average_interval:150
success_number:[0.9773333333333333, 1.0]
total_cost:[2460779.111358723, 2513974.81021192]
normalized_cost:[13.00612961325851, 13.02172689493221]
deadline_alpha:0.30000000000000004
application_average_interval:150
success_number:[1.0, 1.0]
total_cost:[2513974.81021192, 2513974.81021192]
normalized_cost:[13.02172689493221, 13.02172689493221]
deadline_alpha:0.35000000000000003
application_average_interval:150
success_number:[1.0, 1.0]
total_cost:[2513974.81021192, 2513974.81021192]
normalized_cost:[13.02172689493221, 13.02172689493221]
deadline_alpha:0.4
application_average_interval:150
success_number:[1.0, 1.0]
total_cost:[2513974.81021192, 2513974.81021192]
normalized_cost:[13.02172689493221, 13.02172689493221]
deadline_alpha:0.45
application_average_interval:150
success_number:[1.0, 1.0]
total_cost:[2513974.81021192, 2513974.81021192]
normalized_cost:[13.02172689493221, 13.02172689493221]
