deadline_alpha:0.0
application_average_interval:150
[0.0, 0.385]
[0.0, 475185.5225320418]
[0.0, 1234248.1104407774]
deadline_alpha:0.05
application_average_interval:150
[0.0, 0.44]
[0.0, 528494.843004123]
[0.0, 1201124.6431638903]
deadline_alpha:0.1
application_average_interval:150
[0.55, 0.645]
[678778.0682844693, 756481.4280859242]
[1234141.9423129596, 1172839.4233708463]
deadline_alpha:0.15000000000000002
application_average_interval:150
[1.0, 0.72]
[1228024.706093953, 824577.8546456206]
[1228024.7060816728, 1145247.0203252335]
deadline_alpha:0.2
application_average_interval:150
[1.0, 0.79]
[1228024.706093953, 886338.889018167]
[1228024.7060816728, 1121947.960768288]
deadline_alpha:0.25
application_average_interval:150
[1.0, 0.85]
[1228024.706093953, 929374.7166940188]
[1228024.7060816728, 1093382.0196271588]
deadline_alpha:0.30000000000000004
application_average_interval:150
[1.0, 0.87]
[1228024.706093953, 933907.97496517]
[1228024.7060816728, 1073457.4424763627]
deadline_alpha:0.35000000000000003
application_average_interval:150
[1.0, 0.88]
[1228024.706093953, 920058.4973848069]
[1228024.7060816728, 1045521.0197435814]
deadline_alpha:0.4
application_average_interval:150
[1.0, 0.92]
[1228024.706093953, 944736.298004206]
[1228024.7060816728, 1026887.2804281926]
deadline_alpha:0.45
application_average_interval:150
[1.0, 0.935]
[1228024.706093953, 945504.2242755862]
[1228024.7060816728, 1011234.4644550522]
