deadline_alpha:0.0
application_average_interval:150
[0.0, 0.11]
[0.0, 130865.2648863888]
[0.0, 1189684.2261317451]
deadline_alpha:0.05
application_average_interval:150
[0.0, 0.59]
[0.0, 694713.7780646229]
[0.0, 1177480.97975059]
deadline_alpha:0.1
application_average_interval:150
[0.55, 0.905]
[678778.0682844693, 1046440.2274650675]
[1234141.9423129596, 1156287.544147519]
deadline_alpha:0.15000000000000002
application_average_interval:150
[1.0, 0.995]
[1228024.706093953, 1121214.8104710109]
[1228024.7060816728, 1126849.0557384347]
deadline_alpha:0.2
application_average_interval:150
[1.0, 1.0]
[1228024.706093953, 1098283.9171096527]
[1228024.7060816728, 1098283.9170986698]
deadline_alpha:0.25
application_average_interval:150
[1.0, 1.0]
[1228024.706093953, 1070644.5762605364]
[1228024.7060816728, 1070644.57624983]
deadline_alpha:0.30000000000000004
application_average_interval:150
[1.0, 1.0]
[1228024.706093953, 1044888.7677629027]
[1228024.7060816728, 1044888.7677524538]
deadline_alpha:0.35000000000000003
application_average_interval:150
[1.0, 1.0]
[1228024.706093953, 1021339.3169250549]
[1228024.7060816728, 1021339.3169148415]
deadline_alpha:0.4
application_average_interval:150
[1.0, 1.0]
[1228024.706093953, 999387.5041764653]
[1228024.7060816728, 999387.5041664714]
deadline_alpha:0.45
application_average_interval:150
[1.0, 1.0]
[1228024.706093953, 980086.1628510876]
[1228024.7060816728, 980086.1628412867]
