deadline_alpha:0.0
application_average_interval:150
[0.0, 0.265]
[0.0, 318599.21877921827]
[0.0, 1202261.2028950779]
deadline_alpha:0.05
application_average_interval:150
[0.0, 0.63]
[0.0, 753085.8708231666]
[0.0, 1195374.3981130363]
deadline_alpha:0.1
application_average_interval:150
[0.55, 0.81]
[678778.0682844693, 945233.1522040024]
[1234141.9423129596, 1166954.5088794231]
deadline_alpha:0.15000000000000002
application_average_interval:150
[1.0, 0.91]
[1228024.706093953, 1038800.3323560664]
[1228024.7060816728, 1141538.8267523637]
deadline_alpha:0.2
application_average_interval:150
[1.0, 0.95]
[1228024.706093953, 1058128.2553037396]
[1228024.7060816728, 1113819.2160974753]
deadline_alpha:0.25
application_average_interval:150
[1.0, 0.985]
[1228024.706093953, 1074335.0374041472]
[1228024.7060816728, 1090695.4694347617]
deadline_alpha:0.30000000000000004
application_average_interval:150
[1.0, 1.0]
[1228024.706093953, 1068791.2886105645]
[1228024.7060816728, 1068791.2885998767]
deadline_alpha:0.35000000000000003
application_average_interval:150
[1.0, 1.0]
[1228024.706093953, 1046495.1385175084]
[1228024.7060816728, 1046495.1385070435]
deadline_alpha:0.4
application_average_interval:150
[1.0, 1.0]
[1228024.706093953, 1026373.7206588489]
[1228024.7060816728, 1026373.7206485851]
deadline_alpha:0.45
application_average_interval:150
[1.0, 1.0]
[1228024.706093953, 1009041.6392165961]
[1228024.7060816728, 1009041.6392065057]
