deadline_alpha:0.0
application_average_interval:150
[0.0, 0.04]
[0.0, 48247.15709872532]
[0.0, 1206178.9271665884]
deadline_alpha:0.05
application_average_interval:150
[0.0, 0.395]
[0.0, 464776.1531115851]
[0.0, 1176648.4888603003]
deadline_alpha:0.1
application_average_interval:150
[0.55, 0.685]
[678778.0682844693, 786880.8557047037]
[1234141.9423129596, 1148731.1761944764]
deadline_alpha:0.15000000000000002
application_average_interval:150
[1.0, 0.795]
[1228024.706093953, 895785.9605656272]
[1228024.7060816728, 1126774.7931501376]
deadline_alpha:0.2
application_average_interval:150
[1.0, 0.86]
[1228024.706093953, 946754.6329241353]
[1228024.7060816728, 1100877.4801315425]
deadline_alpha:0.25
application_average_interval:150
[1.0, 0.9]
[1228024.706093953, 958055.2246705075]
[1228024.7060816728, 1064505.8051776248]
deadline_alpha:0.30000000000000004
application_average_interval:150
[1.0, 0.9]
[1228024.706093953, 942413.0166887451]
[1228024.7060816728, 1047125.5740869709]
deadline_alpha:0.35000000000000003
application_average_interval:150
[1.0, 0.93]
[1228024.706093953, 951480.6439365688]
[1228024.7060816728, 1023097.4665874599]
deadline_alpha:0.4
application_average_interval:150
[1.0, 0.97]
[1228024.706093953, 972476.4462637363]
[1228024.7060816728, 1002553.0373749597]
deadline_alpha:0.45
application_average_interval:150
[1.0, 0.995]
[1228024.706093953, 978583.7733418922]
[1228024.7060816728, 983501.2797307107]
