deadline_alpha:0.0
application_average_interval:150
[0.0, 0.35]
[0.0, 420889.2594547007]
[0.0, 1202540.7412647866]
deadline_alpha:0.05
application_average_interval:150
[0.0, 0.735]
[0.0, 869324.8003839621]
[0.0, 1182754.8304382784]
deadline_alpha:0.1
application_average_interval:150
[0.55, 0.945]
[678778.0682844693, 1095472.2765740664]
[1234141.9423129596, 1159229.9222883324]
deadline_alpha:0.15000000000000002
application_average_interval:150
[1.0, 0.985]
[1228024.706093953, 1119696.4521725038]
[1228024.7060816728, 1136747.6671686664]
deadline_alpha:0.2
application_average_interval:150
[1.0, 0.985]
[1228024.706093953, 1093060.4277608104]
[1228024.7060816728, 1109706.0180200136]
deadline_alpha:0.25
application_average_interval:150
[1.0, 0.995]
[1228024.706093953, 1080718.2894506934]
[1228024.7060816728, 1086149.0346128964]
deadline_alpha:0.30000000000000004
application_average_interval:150
[1.0, 1.0]
[1228024.706093953, 1064199.7136799328]
[1228024.7060816728, 1064199.7136692908]
deadline_alpha:0.35000000000000003
application_average_interval:150
[1.0, 1.0]
[1228024.706093953, 1042491.4447291679]
[1228024.7060816728, 1042491.444718743]
deadline_alpha:0.4
application_average_interval:150
[1.0, 1.0]
[1228024.706093953, 1022363.6306454559]
[1228024.7060816728, 1022363.6306352323]
deadline_alpha:0.45
application_average_interval:150
[1.0, 1.0]
[1228024.706093953, 1006328.9387079227]
[1228024.7060816728, 1006328.9386978594]
