ccr:0.1
deadline_alpha:0.0
application_average_interval:150
success_number:[0.0, 0.136]
total_cost:[0.0, 439531.26176938706]
normalized_cost:[0.0, 17.7692350107971]
ccr:0.1
deadline_alpha:0.05
application_average_interval:150
success_number:[0.0, 0.206]
total_cost:[0.0, 556202.6795768384]
normalized_cost:[0.0, 14.979247211091977]
ccr:0.1
deadline_alpha:0.1
application_average_interval:150
success_number:[0.12, 0.198]
total_cost:[399441.40495857404, 434072.51928051194]
normalized_cost:[16.126068660558232, 12.093239482083638]
ccr:0.1
deadline_alpha:0.15000000000000002
application_average_interval:150
success_number:[0.55, 0.202]
total_cost:[2116348.9209614256, 408738.08798981854]
normalized_cost:[18.48429943351912, 11.13964412139314]
ccr:0.1
deadline_alpha:0.2
application_average_interval:150
success_number:[0.774, 0.19]
total_cost:[2883990.1973932297, 355347.5275585512]
normalized_cost:[18.76087555850323, 10.103149053546327]
ccr:0.1
deadline_alpha:0.25
application_average_interval:150
success_number:[0.998, 0.178]
total_cost:[3517339.0203497186, 302568.2699028925]
normalized_cost:[18.263902033379573, 9.188149698616554]
ccr:0.1
deadline_alpha:0.30000000000000004
application_average_interval:150
success_number:[1.0, 0.214]
total_cost:[3523163.3796898886, 349078.13862682006]
normalized_cost:[18.26016536670951, 8.858934432302021]
ccr:0.1
deadline_alpha:0.35000000000000003
application_average_interval:150
success_number:[1.0, 0.248]
total_cost:[3523163.3796898886, 387108.11616214423]
normalized_cost:[18.26016536670951, 8.344307932153551]
ccr:0.1
deadline_alpha:0.4
application_average_interval:150
success_number:[1.0, 0.278]
total_cost:[3523163.3796898886, 406495.3780254603]
normalized_cost:[18.26016536670951, 7.938421029082814]
ccr:0.1
deadline_alpha:0.45
application_average_interval:150
success_number:[1.0, 0.318]
total_cost:[3523163.3796898886, 454305.24668925424]
normalized_cost:[18.26016536670951, 7.714980503426521]
ccr:0.3
deadline_alpha:0.0
application_average_interval:150
success_number:[0.0, 0.19]
total_cost:[0.0, 1012459.1065038666]
normalized_cost:[0.0, 29.083820810108204]
ccr:0.3
deadline_alpha:0.05
application_average_interval:150
success_number:[0.0, 0.188]
total_cost:[0.0, 841284.1195764627]
normalized_cost:[0.0, 24.86403310172935]
ccr:0.3
deadline_alpha:0.1
application_average_interval:150
success_number:[0.012, 0.148]
total_cost:[89749.46038407405, 601619.9716487043]
normalized_cost:[34.970066575659274, 22.618781273358742]
ccr:0.3
deadline_alpha:0.15000000000000002
application_average_interval:150
success_number:[0.41, 0.144]
total_cost:[2228901.523164685, 438492.58851591026]
normalized_cost:[26.10527402331566, 17.333252298887686]
ccr:0.3
deadline_alpha:0.2
application_average_interval:150
success_number:[0.692, 0.158]
total_cost:[3594048.293382513, 445967.7110718124]
normalized_cost:[25.616748565800172, 15.953531116928788]
ccr:0.3
deadline_alpha:0.25
application_average_interval:150
success_number:[0.908, 0.162]
total_cost:[4398127.791477132, 398221.58759905165]
normalized_cost:[24.820762392029675, 13.868113218871164]
ccr:0.3
deadline_alpha:0.30000000000000004
application_average_interval:150
success_number:[0.998, 0.144]
total_cost:[4680130.374867357, 293050.8458714824]
normalized_cost:[24.298531801314727, 11.54788076796024]
ccr:0.3
deadline_alpha:0.35000000000000003
application_average_interval:150
success_number:[1.0, 0.194]
total_cost:[4688933.342763662, 356694.68697887106]
normalized_cost:[24.3022218969246, 10.397999429647419]
ccr:0.3
deadline_alpha:0.4
application_average_interval:150
success_number:[1.0, 0.19]
total_cost:[4688933.342763662, 338176.8693569091]
normalized_cost:[24.3022218969246, 10.018522097928185]
ccr:0.3
deadline_alpha:0.45
application_average_interval:150
success_number:[1.0, 0.198]
total_cost:[4688933.342763662, 314981.8512629756]
normalized_cost:[24.3022218969246, 9.119275933537482]
ccr:0.5
deadline_alpha:0.0
application_average_interval:150
success_number:[0.0, 0.39]
total_cost:[0.0, 2775379.8841950884]
normalized_cost:[0.0, 38.79669252673752]
ccr:0.5
deadline_alpha:0.05
application_average_interval:150
success_number:[0.0, 0.348]
total_cost:[0.0, 2421270.0590781635]
normalized_cost:[0.0, 37.88970701399822]
ccr:0.5
deadline_alpha:0.1
application_average_interval:150
success_number:[0.02, 0.258]
total_cost:[195586.12659895176, 1758879.2168265039]
normalized_cost:[46.21978442756434, 36.63855027606701]
ccr:0.5
deadline_alpha:0.15000000000000002
application_average_interval:150
success_number:[0.406, 0.19]
total_cost:[3294152.4628670663, 1180533.0073377234]
normalized_cost:[39.113033429101954, 34.32847640689244]
ccr:0.5
deadline_alpha:0.2
application_average_interval:150
success_number:[0.7, 0.172]
total_cost:[5281188.6504312735, 924073.411067814]
normalized_cost:[37.33783332323525, 30.064583214303227]
ccr:0.5
deadline_alpha:0.25
application_average_interval:150
success_number:[0.934, 0.164]
total_cost:[6578149.822712672, 742388.1112946166]
normalized_cost:[36.19320267047816, 25.76048431783571]
ccr:0.5
deadline_alpha:0.30000000000000004
application_average_interval:150
success_number:[0.994, 0.198]
total_cost:[6882114.388613306, 710164.3102848554]
normalized_cost:[35.842993410847896, 20.594654268830283]
ccr:0.5
deadline_alpha:0.35000000000000003
application_average_interval:150
success_number:[1.0, 0.146]
total_cost:[6903339.261504142, 506317.64329688175]
normalized_cost:[35.77924237753047, 20.201027151420547]
ccr:0.5
deadline_alpha:0.4
application_average_interval:150
success_number:[1.0, 0.148]
total_cost:[6903339.261504142, 460298.5663809012]
normalized_cost:[35.77924237753047, 17.973084557761574]
ccr:0.5
deadline_alpha:0.45
application_average_interval:150
success_number:[1.0, 0.17]
total_cost:[6903339.261504142, 506734.1229213491]
normalized_cost:[35.77924237753047, 17.13896891915538]
ccr:0.7
deadline_alpha:0.0
application_average_interval:150
success_number:[0.0, 0.516]
total_cost:[0.0, 4097185.329886857]
normalized_cost:[0.0, 43.10505489527369]
ccr:0.7
deadline_alpha:0.05
application_average_interval:150
success_number:[0.0, 0.474]
total_cost:[0.0, 3749334.753356545]
normalized_cost:[0.0, 42.788640719171156]
ccr:0.7
deadline_alpha:0.1
application_average_interval:150
success_number:[0.034, 0.38]
total_cost:[330992.0970742079, 3000019.4498935193]
normalized_cost:[46.567883571361605, 42.47604983529011]
ccr:0.7
deadline_alpha:0.15000000000000002
application_average_interval:150
success_number:[0.484, 0.292]
total_cost:[4430611.362617792, 2218112.710901024]
normalized_cost:[44.324676799610764, 40.82066916768406]
ccr:0.7
deadline_alpha:0.2
application_average_interval:150
success_number:[0.758, 0.226]
total_cost:[6556828.485074851, 1576079.7817563047]
normalized_cost:[43.32079286157937, 38.34063396200489]
ccr:0.7
deadline_alpha:0.25
application_average_interval:150
success_number:[0.968, 0.166]
total_cost:[7886409.151687757, 1040095.5762956679]
normalized_cost:[42.0244557197075, 34.53291418831006]
ccr:0.7
deadline_alpha:0.30000000000000004
application_average_interval:150
success_number:[0.992, 0.132]
total_cost:[8028579.16140646, 662903.9935876213]
normalized_cost:[41.88709328257176, 28.649791160391327]
ccr:0.7
deadline_alpha:0.35000000000000003
application_average_interval:150
success_number:[1.0, 0.154]
total_cost:[8067778.031530387, 712279.767127076]
normalized_cost:[41.814399481700484, 26.825924392191705]
ccr:0.7
deadline_alpha:0.4
application_average_interval:150
success_number:[1.0, 0.14]
total_cost:[8067778.031530387, 682287.5852944403]
normalized_cost:[41.814399481700484, 28.484362202571887]
ccr:0.7
deadline_alpha:0.45
application_average_interval:150
success_number:[1.0, 0.162]
total_cost:[8067778.031530387, 778399.8602589653]
normalized_cost:[41.814399481700484, 27.78227782724338]
ccr:0.9
deadline_alpha:0.0
application_average_interval:150
success_number:[0.0, 0.584]
total_cost:[0.0, 4780075.568877593]
normalized_cost:[0.0, 44.30704226513328]
ccr:0.9
deadline_alpha:0.05
application_average_interval:150
success_number:[0.0, 0.548]
total_cost:[0.0, 4497453.644845904]
normalized_cost:[0.0, 44.18957976560899]
ccr:0.9
deadline_alpha:0.1
application_average_interval:150
success_number:[0.034, 0.48]
total_cost:[343407.84638082236, 3890649.0558599504]
normalized_cost:[48.552190584924666, 43.483948831338836]
ccr:0.9
deadline_alpha:0.15000000000000002
application_average_interval:150
success_number:[0.528, 0.346]
total_cost:[4984058.271377778, 2750824.8614271204]
normalized_cost:[45.75317403196066, 42.367708846360706]
ccr:0.9
deadline_alpha:0.2
application_average_interval:150
success_number:[0.796, 0.292]
total_cost:[7152260.511826243, 2180954.9186799144]
normalized_cost:[45.283575595569964, 39.87935515390312]
ccr:0.9
deadline_alpha:0.25
application_average_interval:150
success_number:[0.966, 0.19]
total_cost:[8330169.620073519, 1382239.24209946]
normalized_cost:[44.44797115526024, 38.99968105907545]
ccr:0.9
deadline_alpha:0.30000000000000004
application_average_interval:150
success_number:[0.994, 0.16]
total_cost:[8480870.73260642, 1003082.6840172966]
normalized_cost:[44.16562676602334, 34.97660790690556]
ccr:0.9
deadline_alpha:0.35000000000000003
application_average_interval:150
success_number:[1.0, 0.138]
total_cost:[8507114.103638975, 795916.1557156851]
normalized_cost:[44.09142965705658, 32.69058406841989]
ccr:0.9
deadline_alpha:0.4
application_average_interval:150
success_number:[1.0, 0.148]
total_cost:[8507114.103638975, 809048.0740236624]
normalized_cost:[44.09142965705658, 31.458862684757513]
ccr:0.9
deadline_alpha:0.45
application_average_interval:150
success_number:[1.0, 0.148]
total_cost:[8507114.103638975, 816645.0496636548]
normalized_cost:[44.09142965705658, 31.665407610438827]
ccr:1.1
deadline_alpha:0.0
application_average_interval:150
success_number:[0.0, 0.622]
total_cost:[0.0, 5201056.865947228]
normalized_cost:[0.0, 45.04974638667275]
ccr:1.1
deadline_alpha:0.05
application_average_interval:150
success_number:[0.0, 0.586]
total_cost:[0.0, 4885195.99670808]
normalized_cost:[0.0, 44.953416153361964]
ccr:1.1
deadline_alpha:0.1
application_average_interval:150
success_number:[0.034, 0.548]
total_cost:[343619.23529615207, 4526933.514744777]
normalized_cost:[48.787349847040694, 44.178275057219]
ccr:1.1
deadline_alpha:0.15000000000000002
application_average_interval:150
success_number:[0.528, 0.424]
total_cost:[5068419.586382137, 3485224.7772538355]
normalized_cost:[46.533237809878926, 43.459826582928606]
ccr:1.1
deadline_alpha:0.2
application_average_interval:150
success_number:[0.816, 0.344]
total_cost:[7433633.684981749, 2709146.553404724]
normalized_cost:[46.019007508888485, 41.363522902325506]
ccr:1.1
deadline_alpha:0.25
application_average_interval:150
success_number:[0.984, 0.26]
total_cost:[8619984.300454576, 1911731.4469166764]
normalized_cost:[45.27787003458123, 38.71121070505607]
ccr:1.1
deadline_alpha:0.30000000000000004
application_average_interval:150
success_number:[0.996, 0.176]
total_cost:[8685706.107048374, 1154279.6171405152]
normalized_cost:[45.161220671752574, 35.41770234253289]
ccr:1.1
deadline_alpha:0.35000000000000003
application_average_interval:150
success_number:[1.0, 0.146]
total_cost:[8707888.765076257, 883948.5835860195]
normalized_cost:[45.13202247782227, 32.78640048171891]
ccr:1.1
deadline_alpha:0.4
application_average_interval:150
success_number:[1.0, 0.114]
total_cost:[8707888.765076257, 694110.4333568468]
normalized_cost:[45.13202247782227, 34.103671404124206]
ccr:1.1
deadline_alpha:0.45
application_average_interval:150
success_number:[1.0, 0.182]
total_cost:[8707888.765076257, 1076016.297839779]
normalized_cost:[45.13202247782227, 33.95951680130699]
