ccr:0.1
deadline_alpha:0.0
application_average_interval:150
success_number:[0.0, 0.086]
total_cost:[0.0, 201658.19969549554]
normalized_cost:[0.0, 13.275023808860844]
ccr:0.1
deadline_alpha:0.05
application_average_interval:150
success_number:[0.0, 0.192]
total_cost:[0.0, 415937.573202712]
normalized_cost:[0.0, 12.14360455234057]
ccr:0.1
deadline_alpha:0.1
application_average_interval:150
success_number:[0.294, 0.196]
total_cost:[777120.7625563676, 393326.237286018]
normalized_cost:[12.702670342259383, 11.208557258716967]
ccr:0.1
deadline_alpha:0.15000000000000002
application_average_interval:150
success_number:[0.574, 0.194]
total_cost:[1577387.6386473824, 356064.9422966134]
normalized_cost:[13.178253000884249, 10.415646724957616]
ccr:0.1
deadline_alpha:0.2
application_average_interval:150
success_number:[0.768, 0.162]
total_cost:[2068121.719144595, 280756.69639329857]
normalized_cost:[13.554955726856294, 9.689333005670509]
ccr:0.1
deadline_alpha:0.25
application_average_interval:150
success_number:[1.0, 0.146]
total_cost:[2657737.1009327993, 239502.6860142222]
normalized_cost:[13.774756868795494, 9.242668746701218]
ccr:0.1
deadline_alpha:0.30000000000000004
application_average_interval:150
success_number:[1.0, 0.144]
total_cost:[2657737.1009327993, 224930.8261263673]
normalized_cost:[13.774756868795494, 8.782605992847847]
ccr:0.1
deadline_alpha:0.35000000000000003
application_average_interval:150
success_number:[1.0, 0.188]
total_cost:[2657737.1009327993, 287490.46007156215]
normalized_cost:[13.774756868795494, 8.393849301580193]
ccr:0.1
deadline_alpha:0.4
application_average_interval:150
success_number:[1.0, 0.216]
total_cost:[2657737.1009327993, 312285.1112772127]
normalized_cost:[13.774756868795494, 8.047851809415208]
ccr:0.1
deadline_alpha:0.45
application_average_interval:150
success_number:[1.0, 0.284]
total_cost:[2657737.1009327993, 402244.1386575052]
normalized_cost:[13.774756868795494, 7.794839396916983]
ccr:0.3
deadline_alpha:0.0
application_average_interval:150
success_number:[0.0, 0.084]
total_cost:[0.0, 205977.91879643666]
normalized_cost:[0.0, 13.795419708204248]
ccr:0.3
deadline_alpha:0.05
application_average_interval:150
success_number:[0.0, 0.144]
total_cost:[0.0, 323964.61849683756]
normalized_cost:[0.0, 12.767898853118968]
ccr:0.3
deadline_alpha:0.1
application_average_interval:150
success_number:[0.008, 0.148]
total_cost:[20692.024700002014, 305040.3827305285]
normalized_cost:[12.473449817646834, 11.637844511302]
ccr:0.3
deadline_alpha:0.15000000000000002
application_average_interval:150
success_number:[0.42, 0.154]
total_cost:[1124123.6989290528, 295159.8854635422]
normalized_cost:[12.871072918792521, 10.81027106694008]
ccr:0.3
deadline_alpha:0.2
application_average_interval:150
success_number:[0.618, 0.18]
total_cost:[1693321.6216227342, 315398.11854265403]
normalized_cost:[13.31368948567481, 10.051373709915444]
ccr:0.3
deadline_alpha:0.25
application_average_interval:150
success_number:[0.868, 0.206]
total_cost:[2318687.533203589, 342020.43692618527]
normalized_cost:[13.622663746563207, 9.493499400412997]
ccr:0.3
deadline_alpha:0.30000000000000004
application_average_interval:150
success_number:[1.0, 0.184]
total_cost:[2646578.637899156, 294470.74525298673]
normalized_cost:[13.716923791451642, 9.037702423915905]
ccr:0.3
deadline_alpha:0.35000000000000003
application_average_interval:150
success_number:[1.0, 0.192]
total_cost:[2646578.637899156, 286598.2072812792]
normalized_cost:[13.716923791451642, 8.544159685818483]
ccr:0.3
deadline_alpha:0.4
application_average_interval:150
success_number:[1.0, 0.182]
total_cost:[2646578.637899156, 261970.5753565747]
normalized_cost:[13.716923791451642, 8.062994566905298]
ccr:0.3
deadline_alpha:0.45
application_average_interval:150
success_number:[1.0, 0.188]
total_cost:[2646578.637899156, 254110.39918294633]
normalized_cost:[13.716923791451642, 7.779760480525912]
ccr:0.5
deadline_alpha:0.0
application_average_interval:150
success_number:[0.0, 0.096]
total_cost:[0.0, 230501.14217507263]
normalized_cost:[0.0, 13.680327679448222]
ccr:0.5
deadline_alpha:0.05
application_average_interval:150
success_number:[0.0, 0.116]
total_cost:[0.0, 258141.12430265083]
normalized_cost:[0.0, 12.604244691604091]
ccr:0.5
deadline_alpha:0.1
application_average_interval:150
success_number:[0.0, 0.148]
total_cost:[0.0, 300020.53242000856]
normalized_cost:[0.0, 11.48798516542016]
ccr:0.5
deadline_alpha:0.15000000000000002
application_average_interval:150
success_number:[0.238, 0.154]
total_cost:[648848.1112954706, 288567.9840262894]
normalized_cost:[13.018958855984074, 10.596996711335144]
ccr:0.5
deadline_alpha:0.2
application_average_interval:150
success_number:[0.512, 0.194]
total_cost:[1423637.5400562552, 336659.6797389795]
normalized_cost:[13.325502870646071, 9.861225460829532]
ccr:0.5
deadline_alpha:0.25
application_average_interval:150
success_number:[0.712, 0.214]
total_cost:[1942788.5043808818, 347560.80487563193]
normalized_cost:[13.586164216018535, 9.223251066120413]
ccr:0.5
deadline_alpha:0.30000000000000004
application_average_interval:150
success_number:[0.904, 0.21]
total_cost:[2428841.571945692, 320108.9826542024]
normalized_cost:[13.745433996819202, 8.645285336455402]
ccr:0.5
deadline_alpha:0.35000000000000003
application_average_interval:150
success_number:[1.0, 0.208]
total_cost:[2662585.9411964896, 301088.34646569507]
normalized_cost:[13.799887870543003, 8.172558479044147]
ccr:0.5
deadline_alpha:0.4
application_average_interval:150
success_number:[1.0, 0.224]
total_cost:[2662585.9411964896, 307535.4079211849]
normalized_cost:[13.799887870543003, 7.777432175398072]
ccr:0.5
deadline_alpha:0.45
application_average_interval:150
success_number:[1.0, 0.24]
total_cost:[2662585.9411964896, 314577.9382905329]
normalized_cost:[13.799887870543003, 7.39751824442885]
ccr:0.7
deadline_alpha:0.0
application_average_interval:150
success_number:[0.0, 0.112]
total_cost:[0.0, 259736.88425818546]
normalized_cost:[0.0, 13.037560745229795]
ccr:0.7
deadline_alpha:0.05
application_average_interval:150
success_number:[0.0, 0.122]
total_cost:[0.0, 264922.78760027466]
normalized_cost:[0.0, 12.277151919444629]
ccr:0.7
deadline_alpha:0.1
application_average_interval:150
success_number:[0.0, 0.144]
total_cost:[0.0, 291178.08795416035]
normalized_cost:[0.0, 11.551117838882995]
ccr:0.7
deadline_alpha:0.15000000000000002
application_average_interval:150
success_number:[0.018, 0.176]
total_cost:[52231.821875016554, 315669.3038274517]
normalized_cost:[13.658652565599457, 10.307793539184857]
ccr:0.7
deadline_alpha:0.2
application_average_interval:150
success_number:[0.362, 0.16]
total_cost:[994691.7799191325, 261316.00723242955]
normalized_cost:[13.212165185253378, 9.293191705188946]
ccr:0.7
deadline_alpha:0.25
application_average_interval:150
success_number:[0.584, 0.224]
total_cost:[1641911.153018725, 342785.2405753746]
normalized_cost:[13.630761449813587, 8.715040328555077]
ccr:0.7
deadline_alpha:0.30000000000000004
application_average_interval:150
success_number:[0.726, 0.232]
total_cost:[1998280.1582625294, 340925.48276505235]
normalized_cost:[13.73557848961231, 8.36227835525023]
ccr:0.7
deadline_alpha:0.35000000000000003
application_average_interval:150
success_number:[0.934, 0.226]
total_cost:[2518469.4301004796, 317677.3868635852]
normalized_cost:[13.857834184511836, 8.035332069769217]
ccr:0.7
deadline_alpha:0.4
application_average_interval:150
success_number:[1.0, 0.228]
total_cost:[2679506.437698998, 299683.3673861517]
normalized_cost:[13.887584928818464, 7.488899759902542]
ccr:0.7
deadline_alpha:0.45
application_average_interval:150
success_number:[1.0, 0.264]
total_cost:[2679506.437698998, 334535.9749419043]
normalized_cost:[13.887584928818464, 7.160189395702021]
ccr:0.9
deadline_alpha:0.0
application_average_interval:150
success_number:[0.0, 0.1]
total_cost:[0.0, 235869.06799159752]
normalized_cost:[0.0, 13.364689902174845]
ccr:0.9
deadline_alpha:0.05
application_average_interval:150
success_number:[0.0, 0.14]
total_cost:[0.0, 304334.6726761221]
normalized_cost:[0.0, 12.187193811696773]
ccr:0.9
deadline_alpha:0.1
application_average_interval:150
success_number:[0.0, 0.154]
total_cost:[0.0, 306187.2352888692]
normalized_cost:[0.0, 11.27575049418304]
ccr:0.9
deadline_alpha:0.15000000000000002
application_average_interval:150
success_number:[0.0, 0.174]
total_cost:[0.0, 316296.9673663952]
normalized_cost:[0.0, 10.298593412128795]
ccr:0.9
deadline_alpha:0.2
application_average_interval:150
success_number:[0.202, 0.206]
total_cost:[570696.1812788653, 338468.3555674202]
normalized_cost:[13.475617628814595, 9.222348823956766]
ccr:0.9
deadline_alpha:0.25
application_average_interval:150
success_number:[0.428, 0.216]
total_cost:[1204964.564806509, 330025.91882522765]
normalized_cost:[13.512701369739215, 8.598852068910642]
ccr:0.9
deadline_alpha:0.30000000000000004
application_average_interval:150
success_number:[0.626, 0.244]
total_cost:[1760844.0240017562, 339537.7535209681]
normalized_cost:[13.782172998158078, 7.850120433829373]
ccr:0.9
deadline_alpha:0.35000000000000003
application_average_interval:150
success_number:[0.792, 0.256]
total_cost:[2172544.0836799676, 342108.39016105485]
normalized_cost:[13.842574041901969, 7.504302271293838]
ccr:0.9
deadline_alpha:0.4
application_average_interval:150
success_number:[0.956, 0.266]
total_cost:[2585791.5664957124, 340654.9888446863]
normalized_cost:[13.937338803572974, 7.218647096887589]
ccr:0.9
deadline_alpha:0.45
application_average_interval:150
success_number:[1.0, 0.306]
total_cost:[2693237.6585057722, 371273.50265812245]
normalized_cost:[13.958752324592364, 6.810948845341374]
ccr:1.1
deadline_alpha:0.0
application_average_interval:150
success_number:[0.0, 0.136]
total_cost:[0.0, 312745.1662933018]
normalized_cost:[0.0, 13.102420033253836]
ccr:1.1
deadline_alpha:0.05
application_average_interval:150
success_number:[0.0, 0.166]
total_cost:[0.0, 360006.3576144416]
normalized_cost:[0.0, 12.355804132061849]
ccr:1.1
deadline_alpha:0.1
application_average_interval:150
success_number:[0.0, 0.166]
total_cost:[0.0, 336707.29230454273]
normalized_cost:[0.0, 11.453549079058243]
ccr:1.1
deadline_alpha:0.15000000000000002
application_average_interval:150
success_number:[0.0, 0.204]
total_cost:[0.0, 365073.6414457712]
normalized_cost:[0.0, 10.302168969209877]
ccr:1.1
deadline_alpha:0.2
application_average_interval:150
success_number:[0.066, 0.228]
total_cost:[192430.59589110693, 376125.8021116696]
normalized_cost:[13.852478727646671, 9.32347300826951]
ccr:1.1
deadline_alpha:0.25
application_average_interval:150
success_number:[0.334, 0.268]
total_cost:[943096.2128977902, 394516.2592011002]
normalized_cost:[13.530809799588168, 8.26851400149914]
ccr:1.1
deadline_alpha:0.30000000000000004
application_average_interval:150
success_number:[0.51, 0.25]
total_cost:[1444336.11430431, 351118.86551590904]
normalized_cost:[13.76406369890449, 7.900401443146008]
ccr:1.1
deadline_alpha:0.35000000000000003
application_average_interval:150
success_number:[0.702, 0.284]
total_cost:[1953278.6103716895, 373084.4460433813]
normalized_cost:[13.862577468210704, 7.335458540597798]
ccr:1.1
deadline_alpha:0.4
application_average_interval:150
success_number:[0.836, 0.348]
total_cost:[2290133.47359404, 433367.5261668499]
normalized_cost:[13.91111756656189, 6.888368670355791]
ccr:1.1
deadline_alpha:0.45
application_average_interval:150
success_number:[0.974, 0.358]
total_cost:[2632833.935115979, 418725.90889116324]
normalized_cost:[13.960086252709491, 6.509635559547398]
