ccr:0.1
deadline_alpha:0.0
application_average_interval:150
success_number:[0.0, 1.0]
total_cost:[0.0, 2657737.1009327993]
normalized_cost:[0.0, 13.774756868795494]
ccr:0.1
deadline_alpha:0.05
application_average_interval:150
success_number:[0.0, 1.0]
total_cost:[0.0, 2657737.1009327993]
normalized_cost:[0.0, 13.774756868795494]
ccr:0.1
deadline_alpha:0.1
application_average_interval:150
success_number:[0.294, 1.0]
total_cost:[777120.7625563676, 2657737.1009327993]
normalized_cost:[12.702670342259383, 13.774756868795494]
ccr:0.1
deadline_alpha:0.15000000000000002
application_average_interval:150
success_number:[0.574, 1.0]
total_cost:[1577387.6386473824, 2657737.1009327993]
normalized_cost:[13.178253000884249, 13.774756868795494]
ccr:0.1
deadline_alpha:0.2
application_average_interval:150
success_number:[0.768, 1.0]
total_cost:[2068121.719144595, 2657737.1009327993]
normalized_cost:[13.554955726856294, 13.774756868795494]
ccr:0.1
deadline_alpha:0.25
application_average_interval:150
success_number:[1.0, 1.0]
total_cost:[2657737.1009327993, 2657737.1009327993]
normalized_cost:[13.774756868795494, 13.774756868795494]
ccr:0.1
deadline_alpha:0.30000000000000004
application_average_interval:150
success_number:[1.0, 1.0]
total_cost:[2657737.1009327993, 2657737.1009327993]
normalized_cost:[13.774756868795494, 13.774756868795494]
ccr:0.1
deadline_alpha:0.35000000000000003
application_average_interval:150
success_number:[1.0, 1.0]
total_cost:[2657737.1009327993, 2657737.1009327993]
normalized_cost:[13.774756868795494, 13.774756868795494]
ccr:0.1
deadline_alpha:0.4
application_average_interval:150
success_number:[1.0, 1.0]
total_cost:[2657737.1009327993, 2657737.1009327993]
normalized_cost:[13.774756868795494, 13.774756868795494]
ccr:0.1
deadline_alpha:0.45
application_average_interval:150
success_number:[1.0, 1.0]
total_cost:[2657737.1009327993, 2657737.1009327993]
normalized_cost:[13.774756868795494, 13.774756868795494]
ccr:0.3
deadline_alpha:0.0
application_average_interval:150
success_number:[0.0, 1.0]
total_cost:[0.0, 2646578.637899156]
normalized_cost:[0.0, 13.716923791451642]
ccr:0.3
deadline_alpha:0.05
application_average_interval:150
success_number:[0.0, 1.0]
total_cost:[0.0, 2646578.637899156]
normalized_cost:[0.0, 13.716923791451642]
ccr:0.3
deadline_alpha:0.1
application_average_interval:150
success_number:[0.008, 1.0]
total_cost:[20692.024700002014, 2646578.637899156]
normalized_cost:[12.473449817646834, 13.716923791451642]
ccr:0.3
deadline_alpha:0.15000000000000002
application_average_interval:150
success_number:[0.42, 1.0]
total_cost:[1124123.6989290528, 2646578.637899156]
normalized_cost:[12.871072918792521, 13.716923791451642]
ccr:0.3
deadline_alpha:0.2
application_average_interval:150
success_number:[0.618, 1.0]
total_cost:[1693321.6216227342, 2646578.637899156]
normalized_cost:[13.31368948567481, 13.716923791451642]
ccr:0.3
deadline_alpha:0.25
application_average_interval:150
success_number:[0.868, 1.0]
total_cost:[2318687.533203589, 2646578.637899156]
normalized_cost:[13.622663746563207, 13.716923791451642]
ccr:0.3
deadline_alpha:0.30000000000000004
application_average_interval:150
success_number:[1.0, 1.0]
total_cost:[2646578.637899156, 2646578.637899156]
normalized_cost:[13.716923791451642, 13.716923791451642]
ccr:0.3
deadline_alpha:0.35000000000000003
application_average_interval:150
success_number:[1.0, 1.0]
total_cost:[2646578.637899156, 2646578.637899156]
normalized_cost:[13.716923791451642, 13.716923791451642]
ccr:0.3
deadline_alpha:0.4
application_average_interval:150
success_number:[1.0, 1.0]
total_cost:[2646578.637899156, 2646578.637899156]
normalized_cost:[13.716923791451642, 13.716923791451642]
ccr:0.3
deadline_alpha:0.45
application_average_interval:150
success_number:[1.0, 1.0]
total_cost:[2646578.637899156, 2646578.637899156]
normalized_cost:[13.716923791451642, 13.716923791451642]
ccr:0.5
deadline_alpha:0.0
application_average_interval:150
success_number:[0.0, 1.0]
total_cost:[0.0, 2662585.9411964896]
normalized_cost:[0.0, 13.799887870543003]
ccr:0.5
deadline_alpha:0.05
application_average_interval:150
success_number:[0.0, 1.0]
total_cost:[0.0, 2662585.9411964896]
normalized_cost:[0.0, 13.799887870543003]
ccr:0.5
deadline_alpha:0.1
application_average_interval:150
success_number:[0.0, 1.0]
total_cost:[0.0, 2662585.9411964896]
normalized_cost:[0.0, 13.799887870543003]
ccr:0.5
deadline_alpha:0.15000000000000002
application_average_interval:150
success_number:[0.238, 1.0]
total_cost:[648848.1112954706, 2662585.9411964896]
normalized_cost:[13.018958855984074, 13.799887870543003]
ccr:0.5
deadline_alpha:0.2
application_average_interval:150
success_number:[0.512, 1.0]
total_cost:[1423637.5400562552, 2662585.9411964896]
normalized_cost:[13.325502870646071, 13.799887870543003]
ccr:0.5
deadline_alpha:0.25
application_average_interval:150
success_number:[0.712, 1.0]
total_cost:[1942788.5043808818, 2662585.9411964896]
normalized_cost:[13.586164216018535, 13.799887870543003]
ccr:0.5
deadline_alpha:0.30000000000000004
application_average_interval:150
success_number:[0.904, 1.0]
total_cost:[2428841.571945692, 2662585.9411964896]
normalized_cost:[13.745433996819202, 13.799887870543003]
ccr:0.5
deadline_alpha:0.35000000000000003
application_average_interval:150
success_number:[1.0, 1.0]
total_cost:[2662585.9411964896, 2662585.9411964896]
normalized_cost:[13.799887870543003, 13.799887870543003]
ccr:0.5
deadline_alpha:0.4
application_average_interval:150
success_number:[1.0, 1.0]
total_cost:[2662585.9411964896, 2662585.9411964896]
normalized_cost:[13.799887870543003, 13.799887870543003]
ccr:0.5
deadline_alpha:0.45
application_average_interval:150
success_number:[1.0, 1.0]
total_cost:[2662585.9411964896, 2662585.9411964896]
normalized_cost:[13.799887870543003, 13.799887870543003]
ccr:0.7
deadline_alpha:0.0
application_average_interval:150
success_number:[0.0, 1.0]
total_cost:[0.0, 2679506.437698998]
normalized_cost:[0.0, 13.887584928818464]
ccr:0.7
deadline_alpha:0.05
application_average_interval:150
success_number:[0.0, 1.0]
total_cost:[0.0, 2679506.437698998]
normalized_cost:[0.0, 13.887584928818464]
ccr:0.7
deadline_alpha:0.1
application_average_interval:150
success_number:[0.0, 1.0]
total_cost:[0.0, 2679506.437698998]
normalized_cost:[0.0, 13.887584928818464]
ccr:0.7
deadline_alpha:0.15000000000000002
application_average_interval:150
success_number:[0.018, 1.0]
total_cost:[52231.821875016554, 2679506.437698998]
normalized_cost:[13.658652565599457, 13.887584928818464]
ccr:0.7
deadline_alpha:0.2
application_average_interval:150
success_number:[0.362, 1.0]
total_cost:[994691.7799191325, 2679506.437698998]
normalized_cost:[13.212165185253378, 13.887584928818464]
ccr:0.7
deadline_alpha:0.25
application_average_interval:150
success_number:[0.584, 1.0]
total_cost:[1641911.153018725, 2679506.437698998]
normalized_cost:[13.630761449813587, 13.887584928818464]
ccr:0.7
deadline_alpha:0.30000000000000004
application_average_interval:150
success_number:[0.726, 1.0]
total_cost:[1998280.1582625294, 2679506.437698998]
normalized_cost:[13.73557848961231, 13.887584928818464]
ccr:0.7
deadline_alpha:0.35000000000000003
application_average_interval:150
success_number:[0.934, 1.0]
total_cost:[2518469.4301004796, 2679506.437698998]
normalized_cost:[13.857834184511836, 13.887584928818464]
ccr:0.7
deadline_alpha:0.4
application_average_interval:150
success_number:[1.0, 1.0]
total_cost:[2679506.437698998, 2679506.437698998]
normalized_cost:[13.887584928818464, 13.887584928818464]
ccr:0.7
deadline_alpha:0.45
application_average_interval:150
success_number:[1.0, 1.0]
total_cost:[2679506.437698998, 2679506.437698998]
normalized_cost:[13.887584928818464, 13.887584928818464]
ccr:0.9
deadline_alpha:0.0
application_average_interval:150
success_number:[0.0, 1.0]
total_cost:[0.0, 2693237.6585057722]
normalized_cost:[0.0, 13.958752324592364]
ccr:0.9
deadline_alpha:0.05
application_average_interval:150
success_number:[0.0, 1.0]
total_cost:[0.0, 2693237.6585057722]
normalized_cost:[0.0, 13.958752324592364]
ccr:0.9
deadline_alpha:0.1
application_average_interval:150
success_number:[0.0, 1.0]
total_cost:[0.0, 2693237.6585057722]
normalized_cost:[0.0, 13.958752324592364]
ccr:0.9
deadline_alpha:0.15000000000000002
application_average_interval:150
success_number:[0.0, 1.0]
total_cost:[0.0, 2693237.6585057722]
normalized_cost:[0.0, 13.958752324592364]
ccr:0.9
deadline_alpha:0.2
application_average_interval:150
success_number:[0.202, 1.0]
total_cost:[570696.1812788653, 2693237.6585057722]
normalized_cost:[13.475617628814595, 13.958752324592364]
ccr:0.9
deadline_alpha:0.25
application_average_interval:150
success_number:[0.428, 1.0]
total_cost:[1204964.564806509, 2693237.6585057722]
normalized_cost:[13.512701369739215, 13.958752324592364]
ccr:0.9
deadline_alpha:0.30000000000000004
application_average_interval:150
success_number:[0.626, 1.0]
total_cost:[1760844.0240017562, 2693237.6585057722]
normalized_cost:[13.782172998158078, 13.958752324592364]
ccr:0.9
deadline_alpha:0.35000000000000003
application_average_interval:150
success_number:[0.792, 1.0]
total_cost:[2172544.0836799676, 2693237.6585057722]
normalized_cost:[13.842574041901969, 13.958752324592364]
ccr:0.9
deadline_alpha:0.4
application_average_interval:150
success_number:[0.956, 1.0]
total_cost:[2585791.5664957124, 2693237.6585057722]
normalized_cost:[13.937338803572974, 13.958752324592364]
ccr:0.9
deadline_alpha:0.45
application_average_interval:150
success_number:[1.0, 1.0]
total_cost:[2693237.6585057722, 2693237.6585057722]
normalized_cost:[13.958752324592364, 13.958752324592364]
ccr:1.1
deadline_alpha:0.0
application_average_interval:150
success_number:[0.0, 1.0]
total_cost:[0.0, 2694760.453690106]
normalized_cost:[0.0, 13.966644803279518]
ccr:1.1
deadline_alpha:0.05
application_average_interval:150
success_number:[0.0, 1.0]
total_cost:[0.0, 2694760.453690106]
normalized_cost:[0.0, 13.966644803279518]
ccr:1.1
deadline_alpha:0.1
application_average_interval:150
success_number:[0.0, 1.0]
total_cost:[0.0, 2694760.453690106]
normalized_cost:[0.0, 13.966644803279518]
ccr:1.1
deadline_alpha:0.15000000000000002
application_average_interval:150
success_number:[0.0, 1.0]
total_cost:[0.0, 2694760.453690106]
normalized_cost:[0.0, 13.966644803279518]
ccr:1.1
deadline_alpha:0.2
application_average_interval:150
success_number:[0.066, 1.0]
total_cost:[192430.59589110693, 2694760.453690106]
normalized_cost:[13.852478727646671, 13.966644803279518]
ccr:1.1
deadline_alpha:0.25
application_average_interval:150
success_number:[0.334, 1.0]
total_cost:[943096.2128977902, 2694760.453690106]
normalized_cost:[13.530809799588168, 13.966644803279518]
ccr:1.1
deadline_alpha:0.30000000000000004
application_average_interval:150
success_number:[0.51, 1.0]
total_cost:[1444336.11430431, 2694760.453690106]
normalized_cost:[13.76406369890449, 13.966644803279518]
ccr:1.1
deadline_alpha:0.35000000000000003
application_average_interval:150
success_number:[0.702, 1.0]
total_cost:[1953278.6103716895, 2694760.453690106]
normalized_cost:[13.862577468210704, 13.966644803279518]
ccr:1.1
deadline_alpha:0.4
application_average_interval:150
success_number:[0.836, 1.0]
total_cost:[2290133.47359404, 2694760.453690106]
normalized_cost:[13.91111756656189, 13.966644803279518]
ccr:1.1
deadline_alpha:0.45
application_average_interval:150
success_number:[0.974, 1.0]
total_cost:[2632833.935115979, 2694760.453690106]
normalized_cost:[13.960086252709491, 13.966644803279518]
