ccr:0.1
deadline_alpha:0.0
application_average_interval:150
success_number:[0.0, 0.532]
total_cost:[0.0, 4309570.428484366]
normalized_cost:[0.0, 42.39862104712407]
ccr:0.1
deadline_alpha:0.05
application_average_interval:150
success_number:[0.002, 0.532]
total_cost:[22156.438254453533, 4117995.777206353]
normalized_cost:[49.99999999999888, 40.6419935030174]
ccr:0.1
deadline_alpha:0.1
application_average_interval:150
success_number:[0.57, 0.484]
total_cost:[5099174.132274997, 3518395.203460463]
normalized_cost:[43.38775269320697, 38.42395758654055]
ccr:0.1
deadline_alpha:0.15000000000000002
application_average_interval:150
success_number:[0.924, 0.436]
total_cost:[7886448.344005188, 2754123.8241889]
normalized_cost:[43.69855844583119, 33.491098833834]
ccr:0.1
deadline_alpha:0.2
application_average_interval:150
success_number:[0.998, 0.412]
total_cost:[8334851.488582751, 2322002.961321629]
normalized_cost:[43.265029945919615, 29.966801755941468]
ccr:0.1
deadline_alpha:0.25
application_average_interval:150
success_number:[1.0, 0.446]
total_cost:[8343111.6040285705, 2293928.271519436]
normalized_cost:[43.241422876018994, 27.524160771462746]
ccr:0.1
deadline_alpha:0.30000000000000004
application_average_interval:150
success_number:[1.0, 0.454]
total_cost:[8343111.6040285705, 2147605.5814635376]
normalized_cost:[43.241422876018994, 25.2584405047296]
ccr:0.1
deadline_alpha:0.35000000000000003
application_average_interval:150
success_number:[1.0, 0.464]
total_cost:[8343111.6040285705, 2040876.8581459045]
normalized_cost:[43.241422876018994, 23.47773930910526]
ccr:0.1
deadline_alpha:0.4
application_average_interval:150
success_number:[1.0, 0.508]
total_cost:[8343111.6040285705, 2080145.9396200562]
normalized_cost:[43.241422876018994, 21.633009362212192]
ccr:0.1
deadline_alpha:0.45
application_average_interval:150
success_number:[1.0, 0.56]
total_cost:[8343111.6040285705, 2192359.5297329933]
normalized_cost:[43.241422876018994, 20.725052449258325]
ccr:0.3
deadline_alpha:0.0
application_average_interval:150
success_number:[0.0, 0.292]
total_cost:[0.0, 719481.8682353534]
normalized_cost:[0.0, 12.954255610875968]
ccr:0.3
deadline_alpha:0.05
application_average_interval:150
success_number:[0.0, 0.336]
total_cost:[0.0, 773613.1519596479]
normalized_cost:[0.0, 12.420656897094833]
ccr:0.3
deadline_alpha:0.1
application_average_interval:150
success_number:[0.006, 0.484]
total_cost:[14948.05784071845, 1070413.2606143532]
normalized_cost:[12.270082573154534, 11.969998609815578]
ccr:0.3
deadline_alpha:0.15000000000000002
application_average_interval:150
success_number:[0.402, 0.558]
total_cost:[1179804.3269034792, 1194729.1810817095]
normalized_cost:[14.11623597807177, 11.42963038733424]
ccr:0.3
deadline_alpha:0.2
application_average_interval:150
success_number:[0.614, 0.62]
total_cost:[1817857.9620918764, 1266076.838366324]
normalized_cost:[14.385534061989423, 10.819432888417744]
ccr:0.3
deadline_alpha:0.25
application_average_interval:150
success_number:[0.868, 0.638]
total_cost:[2459730.3696297603, 1246348.184492286]
normalized_cost:[14.453182630190058, 10.250636560293833]
ccr:0.3
deadline_alpha:0.30000000000000004
application_average_interval:150
success_number:[1.0, 0.724]
total_cost:[2788414.0315633, 1349673.042434693]
normalized_cost:[14.452040918886015, 9.737260035613899]
ccr:0.3
deadline_alpha:0.35000000000000003
application_average_interval:150
success_number:[1.0, 0.798]
total_cost:[2788414.0315633, 1421268.677405583]
normalized_cost:[14.452040918886015, 9.327442340432498]
ccr:0.3
deadline_alpha:0.4
application_average_interval:150
success_number:[1.0, 0.88]
total_cost:[2788414.0315633, 1502913.4268443647]
normalized_cost:[14.452040918886015, 8.891574027579571]
ccr:0.3
deadline_alpha:0.45
application_average_interval:150
success_number:[1.0, 0.888]
total_cost:[2788414.0315633, 1449958.7151041655]
normalized_cost:[14.452040918886015, 8.492197162894222]
ccr:0.5
deadline_alpha:0.0
application_average_interval:150
success_number:[0.0, 0.198]
total_cost:[0.0, 474080.1886636046]
normalized_cost:[0.0, 12.943217714504131]
ccr:0.5
deadline_alpha:0.05
application_average_interval:150
success_number:[0.0, 0.298]
total_cost:[0.0, 688551.3795086237]
normalized_cost:[0.0, 12.571363747586513]
ccr:0.5
deadline_alpha:0.1
application_average_interval:150
success_number:[0.0, 0.396]
total_cost:[0.0, 866017.7790393025]
normalized_cost:[0.0, 12.00714975013311]
ccr:0.5
deadline_alpha:0.15000000000000002
application_average_interval:150
success_number:[0.236, 0.448]
total_cost:[645048.043378143, 934737.3099604178]
normalized_cost:[13.04784410089196, 11.369575568417513]
ccr:0.5
deadline_alpha:0.2
application_average_interval:150
success_number:[0.498, 0.524]
total_cost:[1383103.5539978978, 1043208.4991776631]
normalized_cost:[13.304862011961289, 10.710685057758818]
ccr:0.5
deadline_alpha:0.25
application_average_interval:150
success_number:[0.712, 0.624]
total_cost:[1943981.0686313717, 1168002.5394663261]
normalized_cost:[13.594344031492321, 9.926191603661342]
ccr:0.5
deadline_alpha:0.30000000000000004
application_average_interval:150
success_number:[0.902, 0.69]
total_cost:[2424363.422549552, 1232840.1286102901]
normalized_cost:[13.74813366764854, 9.42529807828999]
ccr:0.5
deadline_alpha:0.35000000000000003
application_average_interval:150
success_number:[1.0, 0.746]
total_cost:[2664271.7634557895, 1261441.8659456016]
normalized_cost:[13.808625300493357, 8.798398938507056]
ccr:0.5
deadline_alpha:0.4
application_average_interval:150
success_number:[1.0, 0.824]
total_cost:[2664271.7634557895, 1333324.268777184]
normalized_cost:[13.808625300493357, 8.387103352840994]
ccr:0.5
deadline_alpha:0.45
application_average_interval:150
success_number:[1.0, 0.858]
total_cost:[2664271.7634557895, 1333208.117651996]
normalized_cost:[13.808625300493357, 8.016465974552032]
ccr:0.7
deadline_alpha:0.0
application_average_interval:150
success_number:[0.0, 0.186]
total_cost:[0.0, 434856.70040203613]
normalized_cost:[0.0, 12.745440116132306]
ccr:0.7
deadline_alpha:0.05
application_average_interval:150
success_number:[0.0, 0.24]
total_cost:[0.0, 538038.4510283885]
normalized_cost:[0.0, 12.42223460961249]
ccr:0.7
deadline_alpha:0.1
application_average_interval:150
success_number:[0.0, 0.354]
total_cost:[0.0, 753318.1357172243]
normalized_cost:[0.0, 11.778489354857895]
ccr:0.7
deadline_alpha:0.15000000000000002
application_average_interval:150
success_number:[0.028, 0.456]
total_cost:[81036.14967228174, 926194.6742687179]
normalized_cost:[13.823620287350083, 11.050558058013308]
ccr:0.7
deadline_alpha:0.2
application_average_interval:150
success_number:[0.362, 0.526]
total_cost:[995232.2195524864, 1013946.5242782383]
normalized_cost:[13.206530300907648, 10.32616223554137]
ccr:0.7
deadline_alpha:0.25
application_average_interval:150
success_number:[0.584, 0.63]
total_cost:[1639855.0220037147, 1127624.4600883687]
normalized_cost:[13.622493475035952, 9.516899848937385]
ccr:0.7
deadline_alpha:0.30000000000000004
application_average_interval:150
success_number:[0.72, 0.684]
total_cost:[1982135.053587701, 1162153.9925645005]
normalized_cost:[13.728738493805903, 8.928349320862546]
ccr:0.7
deadline_alpha:0.35000000000000003
application_average_interval:150
success_number:[0.926, 0.776]
total_cost:[2496785.42377475, 1260020.7305516829]
normalized_cost:[13.845352494427376, 8.468217057262299]
ccr:0.7
deadline_alpha:0.4
application_average_interval:150
success_number:[1.0, 0.842]
total_cost:[2679181.019488631, 1301535.6194093353]
normalized_cost:[13.885898322296354, 8.030879960463652]
ccr:0.7
deadline_alpha:0.45
application_average_interval:150
success_number:[1.0, 0.856]
total_cost:[2679181.019488631, 1272776.710140279]
normalized_cost:[13.885898322296354, 7.734684758965342]
ccr:0.9
deadline_alpha:0.0
application_average_interval:150
success_number:[0.0, 0.188]
total_cost:[0.0, 431654.62296458386]
normalized_cost:[0.0, 12.76349871824675]
ccr:0.9
deadline_alpha:0.05
application_average_interval:150
success_number:[0.0, 0.266]
total_cost:[0.0, 586793.6929889155]
normalized_cost:[0.0, 12.230488511471002]
ccr:0.9
deadline_alpha:0.1
application_average_interval:150
success_number:[0.0, 0.37]
total_cost:[0.0, 779389.5405093832]
normalized_cost:[0.0, 11.621895389546888]
ccr:0.9
deadline_alpha:0.15000000000000002
application_average_interval:150
success_number:[0.0, 0.45]
total_cost:[0.0, 887999.413097763]
normalized_cost:[0.0, 10.752660447327298]
ccr:0.9
deadline_alpha:0.2
application_average_interval:150
success_number:[0.204, 0.51]
total_cost:[575707.9102004601, 931570.7438880561]
normalized_cost:[13.478267861550568, 9.863981953637678]
ccr:0.9
deadline_alpha:0.25
application_average_interval:150
success_number:[0.424, 0.602]
total_cost:[1193114.7636556213, 1038860.6437461991]
normalized_cost:[13.514202936364706, 9.17819226889959]
ccr:0.9
deadline_alpha:0.30000000000000004
application_average_interval:150
success_number:[0.636, 0.716]
total_cost:[1782143.170770664, 1164147.819171044]
normalized_cost:[13.774076098669362, 8.521014694736234]
ccr:0.9
deadline_alpha:0.35000000000000003
application_average_interval:150
success_number:[0.784, 0.768]
total_cost:[2151671.768483462, 1184651.440255421]
normalized_cost:[13.831101344210492, 8.065399594427479]
ccr:0.9
deadline_alpha:0.4
application_average_interval:150
success_number:[0.958, 0.834]
total_cost:[2589980.9545193794, 1232217.981113968]
normalized_cost:[13.934886005536086, 7.6974699977830605]
ccr:0.9
deadline_alpha:0.45
application_average_interval:150
success_number:[1.0, 0.878]
total_cost:[2692470.894710066, 1250724.0773598694]
normalized_cost:[13.954778272810513, 7.40236167079127]
ccr:1.1
deadline_alpha:0.0
application_average_interval:150
success_number:[0.0, 0.192]
total_cost:[0.0, 436370.2660696062]
normalized_cost:[0.0, 12.530200599931074]
ccr:1.1
deadline_alpha:0.05
application_average_interval:150
success_number:[0.0, 0.274]
total_cost:[0.0, 593513.3480985455]
normalized_cost:[0.0, 12.045420959686268]
ccr:1.1
deadline_alpha:0.1
application_average_interval:150
success_number:[0.0, 0.368]
total_cost:[0.0, 741584.2060307091]
normalized_cost:[0.0, 11.088446253419862]
ccr:1.1
deadline_alpha:0.15000000000000002
application_average_interval:150
success_number:[0.0, 0.456]
total_cost:[0.0, 887316.3387923558]
normalized_cost:[0.0, 10.590145811604424]
ccr:1.1
deadline_alpha:0.2
application_average_interval:150
success_number:[0.066, 0.532]
total_cost:[192119.85500186612, 954380.5457205385]
normalized_cost:[13.812798712168416, 9.637547924420739]
ccr:1.1
deadline_alpha:0.25
application_average_interval:150
success_number:[0.338, 0.61]
total_cost:[952342.6785228265, 1008118.3671523123]
normalized_cost:[13.521766065281032, 8.809032066057712]
ccr:1.1
deadline_alpha:0.30000000000000004
application_average_interval:150
success_number:[0.512, 0.69]
total_cost:[1450176.4077707997, 1077402.148561825]
normalized_cost:[13.779076226516821, 8.224349711379725]
ccr:1.1
deadline_alpha:0.35000000000000003
application_average_interval:150
success_number:[0.69, 0.784]
total_cost:[1919959.753665466, 1182553.2200042366]
normalized_cost:[13.857431646383814, 7.913707542429617]
ccr:1.1
deadline_alpha:0.4
application_average_interval:150
success_number:[0.828, 0.84]
total_cost:[2271034.5510533066, 1213997.5747333786]
normalized_cost:[13.920122321318328, 7.527867116800017]
ccr:1.1
deadline_alpha:0.45
application_average_interval:150
success_number:[0.982, 0.898]
total_cost:[2654154.078771668, 1258139.4631842603]
normalized_cost:[13.96582620394159, 7.284594889362614]
