deadline_alpha:0.0
application_average_interval:150
success_number:[0.0, 1.0]
total_cost:[0.0, 2518865.7293098383]
normalized_cost:[0.0, 13.047060566733371]
deadline_alpha:0.05
application_average_interval:150
success_number:[0.0, 1.0]
total_cost:[0.0, 2518865.7293098383]
normalized_cost:[0.0, 13.047060566733371]
deadline_alpha:0.1
application_average_interval:150
success_number:[0.0, 1.0]
total_cost:[0.0, 2518865.7293098383]
normalized_cost:[0.0, 13.047060566733371]
deadline_alpha:0.15000000000000002
application_average_interval:150
success_number:[0.38800000000000007, 1.0]
total_cost:[962737.3683434228, 2518865.7293098383]
normalized_cost:[12.032645730069005, 13.047060566733371]
deadline_alpha:0.2
application_average_interval:150
success_number:[0.6026666666666666, 1.0]
total_cost:[1564928.5971095802, 2518865.7293098383]
normalized_cost:[12.5580224498512, 13.047060566733371]
deadline_alpha:0.25
application_average_interval:150
success_number:[0.7866666666666667, 1.0]
total_cost:[2005601.1446084038, 2518865.7293098383]
normalized_cost:[12.84799152351295, 13.047060566733371]
deadline_alpha:0.30000000000000004
application_average_interval:150
success_number:[0.9860000000000001, 1.0]
total_cost:[2488404.181589253, 2518865.7293098383]
normalized_cost:[13.046275746905657, 13.047060566733371]
deadline_alpha:0.35000000000000003
application_average_interval:150
success_number:[1.0, 1.0]
total_cost:[2518865.7293098383, 2518865.7293098383]
normalized_cost:[13.047060566733371, 13.047060566733371]
deadline_alpha:0.4
application_average_interval:150
success_number:[1.0, 1.0]
total_cost:[2518865.7293098383, 2518865.7293098383]
normalized_cost:[13.047060566733371, 13.047060566733371]
deadline_alpha:0.45
application_average_interval:150
success_number:[1.0, 1.0]
total_cost:[2518865.7293098383, 2518865.7293098383]
normalized_cost:[13.047060566733371, 13.047060566733371]
