edge_number:20
ccr:0.1
deadline_alpha:0.0
application_average_interval:120
success_number:[0.0, 0.4452]
total_cost:[0.0, 3223195.4360215487]
normalized_cost:[0.0, 39.213386591228144]
edge_number:20
ccr:0.1
deadline_alpha:0.05
application_average_interval:120
success_number:[0.0, 0.4976]
total_cost:[0.0, 3276949.695438466]
normalized_cost:[0.0, 35.30075938480815]
edge_number:20
ccr:0.1
deadline_alpha:0.1
application_average_interval:120
success_number:[0.096, 0.4932]
total_cost:[900027.9337963716, 2907266.7412621756]
normalized_cost:[44.792476540570284, 31.24396436334032]
edge_number:20
ccr:0.1
deadline_alpha:0.15000000000000002
application_average_interval:120
success_number:[0.6083999999999999, 0.47000000000000003]
total_cost:[5235456.775637289, 2380364.685852258]
normalized_cost:[42.294774900203194, 26.56706695284805]
edge_number:20
ccr:0.1
deadline_alpha:0.2
application_average_interval:120
success_number:[0.8528, 0.4312]
total_cost:[7117398.099490633, 1826667.6986781093]
normalized_cost:[42.43312868792404, 22.038584343166203]
edge_number:20
ccr:0.1
deadline_alpha:0.25
application_average_interval:120
success_number:[0.9823999999999999, 0.43839999999999996]
total_cost:[7970365.594874975, 1605674.3482016255]
normalized_cost:[42.03367968513165, 18.967258197095884]
edge_number:20
ccr:0.1
deadline_alpha:0.30000000000000004
application_average_interval:120
success_number:[0.9996, 0.4816]
total_cost:[8065231.126566726, 1654045.9647022078]
normalized_cost:[41.898913769004714, 17.78037561524437]
edge_number:20
ccr:0.1
deadline_alpha:0.35000000000000003
application_average_interval:120
success_number:[1.0, 0.5368]
total_cost:[8067375.65991952, 1767894.468753305]
normalized_cost:[41.89512179066213, 17.05449051502058]
edge_number:20
ccr:0.1
deadline_alpha:0.4
application_average_interval:120
success_number:[1.0, 0.5972]
total_cost:[8067375.65991952, 1873682.7729777936]
normalized_cost:[41.89512179066213, 16.24229878779048]
edge_number:20
ccr:0.1
deadline_alpha:0.45
application_average_interval:120
success_number:[1.0, 0.6624000000000001]
total_cost:[8067375.65991952, 2008324.0498955827]
normalized_cost:[41.89512179066213, 15.673969755612474]
edge_number:20
ccr:1
deadline_alpha:0.0
application_average_interval:120
success_number:[0.0, 0.27640000000000003]
total_cost:[0.0, 622058.0745700636]
normalized_cost:[0.0, 12.176073331656392]
edge_number:20
ccr:1
deadline_alpha:0.05
application_average_interval:120
success_number:[0.0, 0.384]
total_cost:[0.0, 832745.8723151768]
normalized_cost:[0.0, 11.639359485282228]
edge_number:20
ccr:1
deadline_alpha:0.1
application_average_interval:120
success_number:[0.0, 0.44480000000000003]
total_cost:[0.0, 927199.5690676083]
normalized_cost:[0.0, 11.063591952846751]
edge_number:20
ccr:1
deadline_alpha:0.15000000000000002
application_average_interval:120
success_number:[0.0, 0.5471999999999999]
total_cost:[0.0, 1097211.7346344523]
normalized_cost:[0.0, 10.563559726620918]
edge_number:20
ccr:1
deadline_alpha:0.2
application_average_interval:120
success_number:[0.005200000000000001, 0.6436]
total_cost:[14913.636598806097, 1256818.7144346572]
normalized_cost:[13.634516214088292, 10.207667497384186]
edge_number:20
ccr:1
deadline_alpha:0.25
application_average_interval:120
success_number:[0.1336, 0.7552000000000001]
total_cost:[379802.0389706252, 1444103.5628253017]
normalized_cost:[13.490409734906022, 9.9855111041444]
edge_number:20
ccr:1
deadline_alpha:0.30000000000000004
application_average_interval:120
success_number:[0.34600000000000003, 0.8492]
total_cost:[964796.6494771314, 1594573.9158458344]
normalized_cost:[13.445351588797278, 9.798352769982687]
edge_number:20
ccr:1
deadline_alpha:0.35000000000000003
application_average_interval:120
success_number:[0.48919999999999997, 0.9104000000000001]
total_cost:[1363110.087078251, 1692702.076692326]
normalized_cost:[13.548167056428321, 9.66802103380494]
edge_number:20
ccr:1
deadline_alpha:0.4
application_average_interval:120
success_number:[0.6756, 0.9456]
total_cost:[1854566.9494548931, 1739720.1942959942]
normalized_cost:[13.627043952101719, 9.564256402167826]
edge_number:20
ccr:1
deadline_alpha:0.45
application_average_interval:120
success_number:[0.7764, 0.968]
total_cost:[2097299.873465605, 1768271.3410580296]
normalized_cost:[13.64327691372404, 9.49215792734586]
