edge_number:20
ccr:0.1
deadline_alpha:0.0
application_average_interval:120
success_number:[0.0, 0.5032]
total_cost:[0.0, 4007190.416971009]
normalized_cost:[0.0, 43.491526378058374]
edge_number:20
ccr:0.1
deadline_alpha:0.05
application_average_interval:120
success_number:[0.0, 0.46559999999999996]
total_cost:[0.0, 3603749.978726192]
normalized_cost:[0.0, 41.993724165607645]
edge_number:20
ccr:0.1
deadline_alpha:0.1
application_average_interval:120
success_number:[0.096, 0.40679999999999994]
total_cost:[900027.9337963716, 3014943.2367651593]
normalized_cost:[44.792476540570284, 40.42020566525431]
edge_number:20
ccr:0.1
deadline_alpha:0.15000000000000002
application_average_interval:120
success_number:[0.6083999999999999, 0.3436]
total_cost:[5235456.775637289, 2345002.903859026]
normalized_cost:[42.294774900203194, 37.32629665789663]
edge_number:20
ccr:0.1
deadline_alpha:0.2
application_average_interval:120
success_number:[0.8528, 0.3048]
total_cost:[7117398.099490633, 1854387.429856602]
normalized_cost:[42.43312868792404, 33.143221786370844]
edge_number:20
ccr:0.1
deadline_alpha:0.25
application_average_interval:120
success_number:[0.9823999999999999, 0.29560000000000003]
total_cost:[7970365.594874975, 1583142.558860616]
normalized_cost:[42.03367968513165, 28.98914783581232]
edge_number:20
ccr:0.1
deadline_alpha:0.30000000000000004
application_average_interval:120
success_number:[0.9996, 0.29280000000000006]
total_cost:[8065231.126566726, 1405375.5366990464]
normalized_cost:[41.898913769004714, 25.817107881265187]
edge_number:20
ccr:0.1
deadline_alpha:0.35000000000000003
application_average_interval:120
success_number:[1.0, 0.31880000000000003]
total_cost:[8067375.65991952, 1419599.4077639296]
normalized_cost:[41.89512179066213, 23.72726829309817]
edge_number:20
ccr:0.1
deadline_alpha:0.4
application_average_interval:120
success_number:[1.0, 0.36920000000000003]
total_cost:[8067375.65991952, 1483086.073439649]
normalized_cost:[41.89512179066213, 21.291974667677646]
edge_number:20
ccr:0.1
deadline_alpha:0.45
application_average_interval:120
success_number:[1.0, 0.42560000000000003]
total_cost:[8067375.65991952, 1605009.3804874998]
normalized_cost:[41.89512179066213, 20.019926648840453]
edge_number:20
ccr:1
deadline_alpha:0.0
application_average_interval:120
success_number:[0.0, 0.242]
total_cost:[0.0, 548422.8764437133]
normalized_cost:[0.0, 12.781497880353104]
edge_number:20
ccr:1
deadline_alpha:0.05
application_average_interval:120
success_number:[0.0, 0.28280000000000005]
total_cost:[0.0, 608316.813273417]
normalized_cost:[0.0, 11.925165875479246]
edge_number:20
ccr:1
deadline_alpha:0.1
application_average_interval:120
success_number:[0.0, 0.31920000000000004]
total_cost:[0.0, 652075.9572799023]
normalized_cost:[0.0, 11.05025533399231]
edge_number:20
ccr:1
deadline_alpha:0.15000000000000002
application_average_interval:120
success_number:[0.0, 0.4064]
total_cost:[0.0, 792684.8990240522]
normalized_cost:[0.0, 10.408301280869694]
edge_number:20
ccr:1
deadline_alpha:0.2
application_average_interval:120
success_number:[0.005200000000000001, 0.5316]
total_cost:[14913.636598806097, 1008751.1170177439]
normalized_cost:[13.634516214088292, 9.947310933696023]
edge_number:20
ccr:1
deadline_alpha:0.25
application_average_interval:120
success_number:[0.1336, 0.6536]
total_cost:[379802.0389706252, 1213772.3456118857]
normalized_cost:[13.490409734906022, 9.71525798146568]
edge_number:20
ccr:1
deadline_alpha:0.30000000000000004
application_average_interval:120
success_number:[0.34600000000000003, 0.8032]
total_cost:[964796.6494771314, 1477717.7221084784]
normalized_cost:[13.445351588797278, 9.590005232252784]
edge_number:20
ccr:1
deadline_alpha:0.35000000000000003
application_average_interval:120
success_number:[0.48919999999999997, 0.8824]
total_cost:[1363110.087078251, 1609872.6908885073]
normalized_cost:[13.548167056428321, 9.493551252191034]
edge_number:20
ccr:1
deadline_alpha:0.4
application_average_interval:120
success_number:[0.6756, 0.9411999999999999]
total_cost:[1854566.9494548931, 1710745.391566913]
normalized_cost:[13.627043952101719, 9.448936374034135]
edge_number:20
ccr:1
deadline_alpha:0.45
application_average_interval:120
success_number:[0.7764, 0.9692000000000001]
total_cost:[2097299.873465605, 1757583.4981876235]
normalized_cost:[13.64327691372404, 9.418257722254262]
